::1 - - [13/Oct/2018:07:47:08 +0800] "GET /commerce/ HTTP/1.1" 200 194
::1 - - [13/Oct/2018:07:47:38 +0800] "GET /favicon.ico HTTP/1.1" 404 209
::1 - - [13/Oct/2018:07:47:54 +0800] "GET /commerce/wp-content/themes/storefront/style.css?ver=2.3.3 HTTP/1.1" 200 39886
::1 - - [13/Oct/2018:07:47:56 +0800] "GET /commerce/wp-content/themes/storefront/assets/css/jetpack/jetpack.css?ver=2.3.3 HTTP/1.1" 200 564
::1 - - [13/Oct/2018:07:47:50 +0800] "GET /commerce/ HTTP/1.1" 200 25397
::1 - - [13/Oct/2018:07:47:56 +0800] "GET /commerce/wp-content/themes/storefront/assets/css/base/icons.css?ver=2.3.3 HTTP/1.1" 200 77436
::1 - - [13/Oct/2018:07:47:56 +0800] "GET /commerce/wp-content/themes/storefront/assets/css/woocommerce/woocommerce.css?ver=2.3.3 HTTP/1.1" 200 52670
::1 - - [13/Oct/2018:07:47:56 +0800] "GET /commerce/wp-content/plugins/woocommerce/assets/js/frontend/add-to-cart.min.js?ver=3.4.5 HTTP/1.1" 200 2650
::1 - - [13/Oct/2018:07:47:56 +0800] "GET /commerce/wp-content/plugins/woocommerce/assets/js/frontend/woocommerce.min.js?ver=3.4.5 HTTP/1.1" 200 1402
::1 - - [13/Oct/2018:07:47:56 +0800] "GET /commerce/wp-content/plugins/mailchimp-for-woocommerce/public/js/mailchimp-woocommerce-public.min.js?ver=2.1.10 HTTP/1.1" 200 5916
::1 - - [13/Oct/2018:07:47:56 +0800] "GET /commerce/wp-content/themes/storefront/assets/fonts/fa-solid-900.woff2 HTTP/1.1" 200 44004
::1 - - [13/Oct/2018:07:47:56 +0800] "GET /commerce/wp-content/themes/storefront/assets/js/skip-link-focus-fix.min.js?ver=20130115 HTTP/1.1" 200 447
::1 - - [13/Oct/2018:07:47:56 +0800] "GET /commerce/wp-content/plugins/woocommerce/assets/js/jquery-blockui/jquery.blockUI.min.js?ver=2.70 HTTP/1.1" 304 -
::1 - - [13/Oct/2018:07:47:56 +0800] "GET /commerce/wp-content/themes/storefront/assets/js/navigation.min.js?ver=2.3.3 HTTP/1.1" 200 2690
::1 - - [13/Oct/2018:07:47:56 +0800] "GET /commerce/wp-content/plugins/woocommerce/assets/js/frontend/cart-fragments.min.js?ver=3.4.5 HTTP/1.1" 200 2568
::1 - - [13/Oct/2018:07:47:56 +0800] "GET /commerce/wp-content/themes/storefront/assets/js/woocommerce/header-cart.min.js?ver=2.3.3 HTTP/1.1" 200 546
::1 - - [13/Oct/2018:07:47:56 +0800] "GET /commerce/wp-includes/js/wp-embed.min.js?ver=4.9.8 HTTP/1.1" 200 1398
::1 - - [13/Oct/2018:07:47:56 +0800] "GET /commerce/wp-content/plugins/woocommerce/assets/js/js-cookie/js.cookie.min.js?ver=2.1.4 HTTP/1.1" 200 1846
::1 - - [13/Oct/2018:07:47:57 +0800] "POST /commerce/?wc-ajax=get_refreshed_fragments HTTP/1.1" 200 764
::1 - - [13/Oct/2018:07:47:54 +0800] "POST /commerce/wp-cron.php?doing_wp_cron=1539388072.7075960636138916015625 HTTP/1.1" 200 -
::1 - - [13/Oct/2018:07:48:10 +0800] "POST /commerce/wp-admin/admin-ajax.php?action=wp_1_wc_privacy_cleanup&nonce=200536c741 HTTP/1.1" 200 -
::1 - - [13/Oct/2018:07:51:55 +0800] "GET /commerce/index.php/sample-page/ HTTP/1.1" 200 26024
::1 - - [13/Oct/2018:07:52:06 +0800] "POST /commerce/wp-cron.php?doing_wp_cron=1539388316.6914839744567871093750 HTTP/1.1" 200 -
::1 - - [13/Oct/2018:07:52:33 +0800] "GET /commerce/wp-admin/ HTTP/1.1" 302 -
::1 - - [13/Oct/2018:07:52:34 +0800] "GET /commerce/wp-login.php?redirect_to=http%3A%2F%2Flocalhost%2Fcommerce%2Fwp-admin%2F&reauth=1 HTTP/1.1" 200 2280
::1 - - [13/Oct/2018:07:52:36 +0800] "GET /commerce/wp-admin/load-styles.php?c=1&dir=ltr&load%5B%5D=dashicons,buttons,forms,l10n,login&ver=4.9.8 HTTP/1.1" 200 39543
::1 - - [13/Oct/2018:08:08:42 +0800] "POST /commerce/wp-login.php HTTP/1.1" 302 -
::1 - - [13/Oct/2018:08:08:48 +0800] "GET /commerce/wp-content/plugins/woocommerce-services/dist/woocommerce-services-banner.css?ver=1.16.1 HTTP/1.1" 304 -
::1 - - [13/Oct/2018:08:08:48 +0800] "GET /commerce/wp-content/themes/storefront/assets/css/admin/plugin-install.css?ver=2.3.3 HTTP/1.1" 304 -
::1 - - [13/Oct/2018:08:08:48 +0800] "GET /commerce/wp-content/plugins/mailchimp-for-woocommerce/admin/css/mailchimp-woocommerce-admin.css?ver=2.1.10 HTTP/1.1" 304 -
::1 - - [13/Oct/2018:08:08:48 +0800] "GET /commerce/wp-content/themes/storefront/assets/css/admin/admin.css?ver=2.3.3 HTTP/1.1" 304 -
::1 - - [13/Oct/2018:08:08:44 +0800] "GET /commerce/wp-admin/ HTTP/1.1" 200 77703
::1 - - [13/Oct/2018:08:08:48 +0800] "GET /commerce/wp-content/plugins/woocommerce/assets/css/dashboard.css?ver=3.4.5 HTTP/1.1" 200 4705
::1 - - [13/Oct/2018:08:08:48 +0800] "GET /commerce/wp-content/plugins/woocommerce/assets/css/activation.css?ver=3.4.5 HTTP/1.1" 304 -
::1 - - [13/Oct/2018:08:08:48 +0800] "GET /commerce/wp-content/plugins/woocommerce/assets/css/menu.css?ver=3.4.5 HTTP/1.1" 304 -
::1 - - [13/Oct/2018:08:08:48 +0800] "GET /commerce/wp-content/plugins/jetpack/css/jetpack-icons.min.css?ver=6.6 HTTP/1.1" 304 -
::1 - - [13/Oct/2018:08:08:48 +0800] "GET /commerce/wp-content/plugins/woocommerce/assets/js/jquery-flot/jquery.flot.resize.min.js?ver=3.4.5 HTTP/1.1" 200 1180
::1 - - [13/Oct/2018:08:08:48 +0800] "GET /commerce/wp-content/plugins/woocommerce/assets/js/jquery-flot/jquery.flot.time.min.js?ver=3.4.5 HTTP/1.1" 200 4623
::1 - - [13/Oct/2018:08:08:48 +0800] "GET /commerce/wp-content/plugins/woocommerce/assets/js/admin/reports.min.js?ver=3.4.5 HTTP/1.1" 200 3236
::1 - - [13/Oct/2018:08:08:48 +0800] "GET /commerce/wp-content/plugins/woocommerce/assets/js/jquery-flot/jquery.flot.min.js?ver=3.4.5 HTTP/1.1" 200 35590
::1 - - [13/Oct/2018:08:08:48 +0800] "GET /commerce/wp-content/plugins/woocommerce/assets/js/jquery-flot/jquery.flot.pie.min.js?ver=3.4.5 HTTP/1.1" 200 7931
::1 - - [13/Oct/2018:08:08:48 +0800] "GET /commerce/wp-content/plugins/woocommerce/assets/js/jquery-flot/jquery.flot.stack.min.js?ver=3.4.5 HTTP/1.1" 200 1301
::1 - - [13/Oct/2018:08:08:48 +0800] "GET /commerce/wp-content/plugins/mailchimp-for-woocommerce/admin/js/mailchimp-woocommerce-admin.js?ver=2.1.10 HTTP/1.1" 304 -
::1 - - [13/Oct/2018:08:08:48 +0800] "GET /commerce/wp-content/plugins/woocommerce-services/dist/woocommerce-services-banner.js?ver=1.16.1 HTTP/1.1" 304 -
::1 - - [13/Oct/2018:08:08:48 +0800] "GET /commerce/wp-content/themes/storefront/assets/js/admin/plugin-install.min.js?ver=2.3.3 HTTP/1.1" 304 -
::1 - - [13/Oct/2018:08:08:48 +0800] "GET /commerce/wp-content/themes/storefront/assets/js/admin/admin.min.js?ver=2.3.3 HTTP/1.1" 304 -
::1 - - [13/Oct/2018:08:08:48 +0800] "GET /commerce/wp-content/plugins/jetpack/_inc/lib/tracks/tracks-ajax.js?ver=6.6 HTTP/1.1" 304 -
::1 - - [13/Oct/2018:08:08:48 +0800] "GET /commerce/wp-content/themes/storefront/assets/images/admin/storefront-icon.svg HTTP/1.1" 304 -
::1 - - [13/Oct/2018:08:08:48 +0800] "GET /commerce/wp-admin/load-scripts.php?c=1&load%5B%5D=jquery-core,jquery-migrate,utils,underscore,wp-util,wp-a11y,updates,jquery-ui-core&ver=4.9.8 HTTP/1.1" 200 58556
::1 - - [13/Oct/2018:08:08:50 +0800] "GET /commerce/wp-content/plugins/woocommerce/assets/fonts/WooCommerce.woff HTTP/1.1" 304 -
::1 - - [13/Oct/2018:08:08:48 +0800] "POST /commerce/wp-cron.php?doing_wp_cron=1539389322.9400670528411865234375 HTTP/1.1" 200 -
::1 - - [13/Oct/2018:08:08:50 +0800] "GET /commerce/wp-content/plugins/jetpack/_inc/fonts/jetpack/jetpack.woff HTTP/1.1" 304 -
::1 - - [13/Oct/2018:08:08:48 +0800] "GET /commerce/wp-admin/load-scripts.php?c=1&load%5B%5D=hoverIntent,common,admin-bar,wp-ajax-response,jquery-color,wp-lists,quicktags,jquery-query,admin-comments,jquery-ui-widget,jquer&load%5B%5D=y-ui-mouse,jquery-ui-sortable,postbox,dashboard,thickbox,plugin-install,shortcode,media-upload,svg-painter,heartbeat,wp-auth-che&load%5B%5D=ck,wplink,jquery-ui-position,jquery-ui-menu,jquery-ui-autocomplete&ver=4.9.8 HTTP/1.1" 200 62295
::1 - - [13/Oct/2018:08:08:51 +0800] "POST /commerce/wp-admin/admin-ajax.php HTTP/1.1" 200 61
::1 - - [13/Oct/2018:08:08:51 +0800] "GET /commerce/wp-admin/admin-ajax.php?action=dashboard-widgets&widget=dashboard_primary&pagenow=dashboard HTTP/1.1" 200 842
::1 - - [13/Oct/2018:08:09:20 +0800] "GET /commerce/wp-admin/load-scripts.php?c=1&load%5B%5D=jquery-core,jquery-migrate,utils,underscore,wp-util,wp-a11y,updates&ver=4.9.8 HTTP/1.1" 200 56765
::1 - - [13/Oct/2018:08:09:18 +0800] "GET /commerce/wp-admin/update-core.php HTTP/1.1" 200 46589
::1 - - [13/Oct/2018:08:09:15 +0800] "GET /commerce/wp-admin/update-core.php HTTP/1.1" 200 46589
::1 - - [13/Oct/2018:08:09:20 +0800] "GET /commerce/wp-admin/load-scripts.php?c=1&load%5B%5D=hoverIntent,common,admin-bar,jquery-ui-core,thickbox,plugin-install,svg-painter&ver=4.9.8 HTTP/1.1" 200 16473
::1 - - [13/Oct/2018:08:09:21 +0800] "GET /commerce/wp-content/themes/storefront/screenshot.png HTTP/1.1" 200 376674
::1 - - [13/Oct/2018:08:09:29 +0800] "GET /commerce/wp-admin/plugins.php HTTP/1.1" 200 68675
::1 - - [13/Oct/2018:08:09:31 +0800] "GET /commerce/wp-admin/plugins.php HTTP/1.1" 200 68675
::1 - - [13/Oct/2018:08:09:33 +0800] "GET /commerce/wp-admin/load-scripts.php?c=1&load%5B%5D=hoverIntent,common,admin-bar,jquery-ui-core,thickbox,plugin-install,svg-painter,heartbeat,wp-auth-check&ver=4.9.8 HTTP/1.1" 200 19002
::1 - - [13/Oct/2018:08:09:58 +0800] "GET /commerce/wp-admin/edit-tags.php?taxonomy=category HTTP/1.1" 200 54947
::1 - - [13/Oct/2018:08:10:00 +0800] "GET /commerce/wp-admin/load-scripts.php?c=1&load%5B%5D=hoverIntent,common,admin-bar,wp-ajax-response,admin-tags,inline-edit-tax,svg-painter,heartbeat,wp-auth-check&ver=4.9.8 HTTP/1.1" 200 14823
::1 - - [13/Oct/2018:08:11:00 +0800] "POST /commerce/wp-admin/admin-ajax.php HTTP/1.1" 200 47
::1 - - [13/Oct/2018:08:11:16 +0800] "POST /commerce/wp-admin/admin-ajax.php HTTP/1.1" 200 4901
::1 - - [13/Oct/2018:08:12:00 +0800] "POST /commerce/wp-admin/admin-ajax.php HTTP/1.1" 200 47
::1 - - [13/Oct/2018:08:13:00 +0800] "POST /commerce/wp-admin/admin-ajax.php HTTP/1.1" 200 47
::1 - - [13/Oct/2018:08:13:01 +0800] "POST /commerce/wp-cron.php?doing_wp_cron=1539389581.4660840034484863281250 HTTP/1.1" 200 -
::1 - - [13/Oct/2018:08:14:00 +0800] "POST /commerce/wp-admin/admin-ajax.php HTTP/1.1" 200 47
::1 - - [13/Oct/2018:08:14:23 +0800] "POST /commerce/wp-admin/admin-ajax.php HTTP/1.1" 200 4954
::1 - - [13/Oct/2018:08:15:00 +0800] "POST /commerce/wp-admin/admin-ajax.php HTTP/1.1" 200 47
::1 - - [13/Oct/2018:08:15:09 +0800] "POST /commerce/wp-admin/admin-ajax.php HTTP/1.1" 200 4925
::1 - - [13/Oct/2018:08:16:00 +0800] "POST /commerce/wp-admin/admin-ajax.php HTTP/1.1" 200 47
::1 - - [13/Oct/2018:08:17:00 +0800] "POST /commerce/wp-admin/admin-ajax.php HTTP/1.1" 200 47
::1 - - [13/Oct/2018:08:17:04 +0800] "POST /commerce/wp-admin/admin-ajax.php HTTP/1.1" 200 4810
::1 - - [13/Oct/2018:08:17:18 +0800] "POST /commerce/wp-admin/admin-ajax.php HTTP/1.1" 200 4682
::1 - - [13/Oct/2018:08:17:42 +0800] "GET /commerce/wp-includes/css/admin-bar.min.css?ver=4.9.8 HTTP/1.1" 200 20214
::1 - - [13/Oct/2018:08:17:42 +0800] "GET /commerce/wp-includes/js/admin-bar.min.js?ver=4.9.8 HTTP/1.1" 200 7188
::1 - - [13/Oct/2018:08:17:41 +0800] "GET /commerce/index.php/category/hardware/ HTTP/1.1" 200 33167
::1 - - [13/Oct/2018:08:17:45 +0800] "GET /commerce/wp-admin/term.php?taxonomy=category&tag_ID=20&post_type=post HTTP/1.1" 200 42372
::1 - - [13/Oct/2018:08:17:47 +0800] "GET /commerce/wp-admin/load-scripts.php?c=1&load%5B%5D=hoverIntent,common,admin-bar,wp-ajax-response,admin-tags,svg-painter,heartbeat,wp-auth-check&ver=4.9.8 HTTP/1.1" 200 13878
::1 - - [13/Oct/2018:08:17:54 +0800] "GET /commerce/wp-admin/post-new.php?post_type=product HTTP/1.1" 200 169330
::1 - - [13/Oct/2018:08:17:58 +0800] "GET /commerce/wp-content/plugins/woocommerce/assets/js/jquery-tiptip/jquery.tipTip.min.js?ver=3.4.5 HTTP/1.1" 304 -
::1 - - [13/Oct/2018:08:17:58 +0800] "GET /commerce/wp-content/plugins/woocommerce/assets/css/jquery-ui/jquery-ui.min.css?ver=3.4.5 HTTP/1.1" 304 -
::1 - - [13/Oct/2018:08:17:58 +0800] "GET /commerce/wp-content/plugins/woocommerce/assets/js/round/round.min.js?ver=3.4.5 HTTP/1.1" 304 -
::1 - - [13/Oct/2018:08:17:58 +0800] "GET /commerce/wp-content/plugins/woocommerce/assets/js/accounting/accounting.min.js?ver=0.4.2 HTTP/1.1" 304 -
::1 - - [13/Oct/2018:08:17:58 +0800] "GET /commerce/wp-content/plugins/woocommerce/assets/js/stupidtable/stupidtable.min.js?ver=3.4.5 HTTP/1.1" 304 -
::1 - - [13/Oct/2018:08:17:58 +0800] "GET /commerce/wp-content/plugins/woocommerce/assets/css/admin.css?ver=3.4.5 HTTP/1.1" 304 -
::1 - - [13/Oct/2018:08:17:58 +0800] "GET /commerce/wp-content/plugins/woocommerce/assets/js/selectWoo/selectWoo.full.min.js?ver=1.0.4 HTTP/1.1" 304 -
::1 - - [13/Oct/2018:08:17:58 +0800] "GET /commerce/wp-content/plugins/woocommerce/assets/js/admin/meta-boxes-product-variation.min.js?ver=3.4.5 HTTP/1.1" 304 -
::1 - - [13/Oct/2018:08:17:58 +0800] "GET /commerce/wp-content/plugins/woocommerce/assets/js/admin/wc-enhanced-select.min.js?ver=3.4.5 HTTP/1.1" 304 -
::1 - - [13/Oct/2018:08:17:58 +0800] "GET /commerce/wp-content/plugins/woocommerce/assets/js/jquery-serializejson/jquery.serializejson.min.js?ver=2.8.1 HTTP/1.1" 304 -
::1 - - [13/Oct/2018:08:17:58 +0800] "GET /commerce/wp-content/plugins/woocommerce/assets/js/admin/woocommerce_admin.min.js?ver=3.4.5 HTTP/1.1" 304 -
::1 - - [13/Oct/2018:08:17:58 +0800] "GET /commerce/wp-content/plugins/woocommerce/assets/js/admin/meta-boxes.min.js?ver=3.4.5 HTTP/1.1" 304 -
::1 - - [13/Oct/2018:08:17:58 +0800] "GET /commerce/wp-content/plugins/woocommerce/assets/js/admin/meta-boxes-product.min.js?ver=3.4.5 HTTP/1.1" 304 -
::1 - - [13/Oct/2018:08:17:58 +0800] "GET /commerce/wp-admin/load-scripts.php?c=1&load%5B%5D=hoverIntent,common,admin-bar,heartbeat,autosave,suggest,wp-ajax-response,jquery-color,wp-lists,postbox,jquery-ui-position,jquery&load%5B%5D=-ui-menu,jquery-ui-autocomplete,tags-suggest,tags-box,word-count,post,editor-expand,thickbox,shortcode,wp-plupload,wp-mediaeleme&load%5B%5D=nt,wp-api-request,media-views,media-editor,media-audiovideo,mce-view,imgareaselect,image-edit,svg-painter,wp-auth-check,jquery-u&load%5B%5D=i-draggable,jquery-ui-slider,jquery-touch-punch,iris,editor,quicktags,wplink,media-upload,wp-embed&ver=4.9.8 HTTP/1.1" 200 126767
::1 - - [13/Oct/2018:08:18:00 +0800] "GET /commerce/wp-content/plugins/woocommerce/assets/css/jquery-ui/images/ui-bg_glass_75_e6e6e6_1x400.png HTTP/1.1" 304 -
::1 - - [13/Oct/2018:08:18:00 +0800] "GET /commerce/wp-content/plugins/woocommerce/assets/css/jquery-ui/images/ui-bg_glass_55_fbf9ee_1x400.png HTTP/1.1" 304 -
::1 - - [13/Oct/2018:08:18:00 +0800] "GET /commerce/wp-content/plugins/woocommerce/assets/css/jquery-ui/images/ui-bg_flat_75_ffffff_40x100.png HTTP/1.1" 304 -
::1 - - [13/Oct/2018:08:18:00 +0800] "GET /commerce/wp-content/plugins/woocommerce/assets/css/jquery-ui/images/ui-bg_highlight-soft_75_cccccc_1x100.png HTTP/1.1" 304 -
::1 - - [13/Oct/2018:08:18:00 +0800] "GET /commerce/wp-content/plugins/woocommerce/assets/css/jquery-ui/images/ui-icons_222222_256x240.png HTTP/1.1" 304 -
::1 - - [13/Oct/2018:08:18:14 +0800] "GET /commerce/wp-admin/about.php HTTP/1.1" 200 52833
::1 - - [13/Oct/2018:08:18:15 +0800] "GET /commerce/wp-admin/load-scripts.php?c=1&load%5B%5D=hoverIntent,common,admin-bar,svg-painter,heartbeat,wp-auth-check&ver=4.9.8 HTTP/1.1" 200 12541
::1 - - [13/Oct/2018:08:18:15 +0800] "GET /commerce/wp-admin/images/w-logo-white.png?ver=20160308 HTTP/1.1" 200 5395
::1 - - [13/Oct/2018:08:18:15 +0800] "GET /commerce/wp-admin/images/wordpress-logo-white.svg?ver=20160308 HTTP/1.1" 200 1639
::1 - - [13/Oct/2018:08:18:21 +0800] "GET /commerce/wp-admin/edit-tags.php?taxonomy=category HTTP/1.1" 200 65176
::1 - - [13/Oct/2018:08:18:30 +0800] "POST /commerce/wp-admin/edit-tags.php?taxonomy=category HTTP/1.1" 302 -
::1 - - [13/Oct/2018:08:18:32 +0800] "GET /commerce/wp-admin/edit-tags.php?taxonomy=category HTTP/1.1" 200 65176
::1 - - [13/Oct/2018:08:18:40 +0800] "POST /commerce/wp-cron.php?doing_wp_cron=1539389911.2127189636230468750000 HTTP/1.1" 200 -
::1 - - [13/Oct/2018:08:18:40 +0800] "GET /commerce/index.php/category/electronics/ HTTP/1.1" 200 33188
::1 - - [13/Oct/2018:08:18:51 +0800] "GET /commerce/wp-admin/term.php?taxonomy=category&tag_ID=16&post_type=post&wp_http_referer=%2Fcommerce%2Fwp-admin%2Fedit-tags.php%3Ftaxonomy%3Dcategory HTTP/1.1" 200 43031
::1 - - [13/Oct/2018:08:19:10 +0800] "GET /commerce/ HTTP/1.1" 200 33517
::1 - - [13/Oct/2018:08:19:12 +0800] "POST /commerce/?wc-ajax=get_refreshed_fragments HTTP/1.1" 200 764
::1 - - [13/Oct/2018:08:19:27 +0800] "GET /commerce/wp-admin/post-new.php HTTP/1.1" 200 140519
::1 - - [13/Oct/2018:08:19:39 +0800] "GET /commerce/ HTTP/1.1" 200 33517
::1 - - [13/Oct/2018:08:19:48 +0800] "GET /commerce/wp-admin/edit-tags.php?taxonomy=category HTTP/1.1" 200 65176
::1 - - [13/Oct/2018:08:19:56 +0800] "GET /commerce/wp-admin/term.php?taxonomy=category&tag_ID=16&post_type=post&wp_http_referer=%2Fcommerce%2Fwp-admin%2Fedit-tags.php%3Ftaxonomy%3Dcategory HTTP/1.1" 200 43031
::1 - - [13/Oct/2018:08:20:02 +0800] "POST /commerce/wp-admin/edit-tags.php HTTP/1.1" 302 -
::1 - - [13/Oct/2018:08:20:03 +0800] "GET /commerce/wp-admin/term.php?taxonomy=category&tag_ID=16&post_type=post&wp_http_referer=%2Fcommerce%2Fwp-admin%2Fedit-tags.php%3Ftaxonomy%3Dcategory&message=3 HTTP/1.1" 200 43364
::1 - - [13/Oct/2018:08:20:07 +0800] "POST /commerce/wp-admin/admin-ajax.php HTTP/1.1" 200 1
::1 - - [13/Oct/2018:08:20:11 +0800] "GET /commerce/wp-admin/edit-tags.php?taxonomy=category HTTP/1.1" 200 63556
::1 - - [13/Oct/2018:08:20:14 +0800] "GET /commerce/wp-admin/edit.php HTTP/1.1" 200 63438
::1 - - [13/Oct/2018:08:20:16 +0800] "GET /commerce/wp-admin/load-scripts.php?c=1&load%5B%5D=hoverIntent,common,admin-bar,jquery-ui-core,jquery-ui-widget,jquery-ui-position,jquery-ui-menu,jquery-ui-autocomplete,tags-sugge&load%5B%5D=st,inline-edit-post,heartbeat,svg-painter,wp-auth-check&ver=4.9.8 HTTP/1.1" 200 27176
::1 - - [13/Oct/2018:08:20:16 +0800] "POST /commerce/wp-admin/admin-ajax.php HTTP/1.1" 200 47
::1 - - [13/Oct/2018:08:20:31 +0800] "POST /commerce/wp-admin/admin-ajax.php HTTP/1.1" 200 47
::1 - - [13/Oct/2018:08:20:46 +0800] "POST /commerce/wp-admin/admin-ajax.php HTTP/1.1" 200 47
::1 - - [13/Oct/2018:08:21:01 +0800] "POST /commerce/wp-admin/admin-ajax.php HTTP/1.1" 200 47
::1 - - [13/Oct/2018:08:21:16 +0800] "POST /commerce/wp-admin/admin-ajax.php HTTP/1.1" 200 47
::1 - - [13/Oct/2018:08:21:31 +0800] "POST /commerce/wp-admin/admin-ajax.php HTTP/1.1" 200 47
::1 - - [13/Oct/2018:08:21:46 +0800] "POST /commerce/wp-admin/admin-ajax.php HTTP/1.1" 200 47
::1 - - [13/Oct/2018:08:22:01 +0800] "POST /commerce/wp-admin/admin-ajax.php HTTP/1.1" 200 47
::1 - - [13/Oct/2018:08:22:16 +0800] "POST /commerce/wp-admin/admin-ajax.php HTTP/1.1" 200 47
::1 - - [13/Oct/2018:08:22:31 +0800] "POST /commerce/wp-admin/admin-ajax.php HTTP/1.1" 200 47
::1 - - [13/Oct/2018:08:22:33 +0800] "GET /commerce/wp-admin/post-new.php HTTP/1.1" 200 138651
::1 - - [13/Oct/2018:08:22:37 +0800] "GET /commerce/wp-admin/post-new.php HTTP/1.1" 200 138659
::1 - - [13/Oct/2018:08:22:38 +0800] "GET /commerce/wp-admin/post-new.php?post_type=product HTTP/1.1" 200 167697
::1 - - [13/Oct/2018:08:23:42 +0800] "POST /commerce/wp-cron.php?doing_wp_cron=1539390222.2612619400024414062500 HTTP/1.1" 200 -
::1 - - [13/Oct/2018:08:23:41 +0800] "POST /commerce/wp-admin/admin-ajax.php HTTP/1.1" 200 47
::1 - - [13/Oct/2018:08:24:41 +0800] "POST /commerce/wp-admin/admin-ajax.php HTTP/1.1" 200 47
::1 - - [13/Oct/2018:08:25:41 +0800] "POST /commerce/wp-admin/admin-ajax.php HTTP/1.1" 200 47
::1 - - [13/Oct/2018:08:26:41 +0800] "POST /commerce/wp-admin/admin-ajax.php HTTP/1.1" 200 47
::1 - - [13/Oct/2018:08:27:41 +0800] "POST /commerce/wp-admin/admin-ajax.php HTTP/1.1" 200 47
::1 - - [13/Oct/2018:08:29:41 +0800] "POST /commerce/wp-admin/admin-ajax.php HTTP/1.1" 200 47
::1 - - [13/Oct/2018:08:30:41 +0800] "POST /commerce/wp-admin/admin-ajax.php HTTP/1.1" 200 47
::1 - - [13/Oct/2018:08:31:20 +0800] "POST /commerce/wp-admin/admin-ajax.php HTTP/1.1" 200 740
::1 - - [13/Oct/2018:08:31:41 +0800] "POST /commerce/wp-admin/admin-ajax.php HTTP/1.1" 200 47
::1 - - [13/Oct/2018:08:32:42 +0800] "POST /commerce/wp-admin/admin-ajax.php HTTP/1.1" 200 47
::1 - - [13/Oct/2018:08:32:51 +0800] "POST /commerce/wp-admin/admin-ajax.php HTTP/1.1" 200 118
::1 - - [13/Oct/2018:08:32:52 +0800] "POST /commerce/wp-admin/admin-ajax.php HTTP/1.1" 200 482
::1 - - [13/Oct/2018:08:33:51 +0800] "POST /commerce/wp-admin/admin-ajax.php HTTP/1.1" 200 47
::1 - - [13/Oct/2018:08:34:37 +0800] "GET /commerce/wp-includes/images/spinner.gif HTTP/1.1" 200 4162
::1 - - [13/Oct/2018:08:34:37 +0800] "GET /commerce/wp-includes/images/uploader-icons.png HTTP/1.1" 200 1556
::1 - - [13/Oct/2018:08:34:37 +0800] "POST /commerce/wp-admin/admin-ajax.php HTTP/1.1" 200 1007
::1 - - [13/Oct/2018:08:34:40 +0800] "GET /commerce/wp-includes/images/media/default.png HTTP/1.1" 200 168
::1 - - [13/Oct/2018:08:34:38 +0800] "POST /commerce/wp-cron.php?doing_wp_cron=1539390878.8900129795074462890625 HTTP/1.1" 200 -
::1 - - [13/Oct/2018:08:34:37 +0800] "POST /commerce/wp-admin/async-upload.php HTTP/1.1" 200 1691
::1 - - [13/Oct/2018:08:34:42 +0800] "GET /commerce/wp-content/uploads/2018/10/vintage-phone-300x225.jpg HTTP/1.1" 200 10173
::1 - - [13/Oct/2018:08:34:45 +0800] "POST /commerce/wp-admin/admin-ajax.php HTTP/1.1" 200 211
::1 - - [13/Oct/2018:08:34:45 +0800] "GET /commerce/wp-content/uploads/2018/10/vintage-phone-300x225.jpg HTTP/1.1" 304 -
::1 - - [13/Oct/2018:08:34:51 +0800] "POST /commerce/wp-admin/admin-ajax.php HTTP/1.1" 200 118
::1 - - [13/Oct/2018:08:34:56 +0800] "POST /commerce/wp-admin/post.php HTTP/1.1" 302 -
::1 - - [13/Oct/2018:08:35:01 +0800] "GET /commerce/wp-admin/post.php?post=16&action=edit&message=6 HTTP/1.1" 200 172994
::1 - - [13/Oct/2018:08:35:05 +0800] "GET /commerce/wp-admin/load-scripts.php?c=1&load%5B%5D=hoverIntent,common,admin-bar,heartbeat,autosave,wp-ajax-response,jquery-color,wp-lists,quicktags,jquery-query,admin-comments,sug&load%5B%5D=gest,postbox,jquery-ui-position,jquery-ui-menu,jquery-ui-autocomplete,tags-suggest,tags-box,word-count,post,editor-expand,thickb&load%5B%5D=ox,shortcode,wp-plupload,wp-mediaelement,wp-api-request,media-views,media-editor,media-audiovideo,mce-view,imgareaselect,image-e&load%5B%5D=dit,svg-painter,wp-auth-check,jquery-ui-draggable,jquery-ui-slider,jquery-touch-punch,iris,editor,wplink,media-upload,wp-embed&ver=4.9.8 HTTP/1.1" 200 133541
::1 - - [13/Oct/2018:08:35:07 +0800] "GET /commerce/wp-content/uploads/2018/10/vintage-phone-300x225.jpg HTTP/1.1" 304 -
::1 - - [13/Oct/2018:08:35:06 +0800] "GET /commerce/wp-admin/admin-ajax.php?action=oembed-cache&post=16 HTTP/1.1" 200 1
::1 - - [13/Oct/2018:08:35:10 +0800] "GET /commerce/ HTTP/1.1" 200 33517
::1 - - [13/Oct/2018:08:35:48 +0800] "POST /commerce/wp-admin/post.php HTTP/1.1" 302 -
::1 - - [13/Oct/2018:08:35:51 +0800] "GET /commerce/wp-admin/post.php?post=16&action=edit&message=1 HTTP/1.1" 200 172944
::1 - - [13/Oct/2018:08:35:54 +0800] "GET /commerce/wp-content/uploads/2018/10/vintage-phone-300x225.jpg HTTP/1.1" 304 -
::1 - - [13/Oct/2018:08:35:54 +0800] "GET /commerce/wp-admin/admin-ajax.php?action=oembed-cache&post=16 HTTP/1.1" 200 1
::1 - - [13/Oct/2018:08:35:54 +0800] "POST /commerce/wp-cron.php?doing_wp_cron=1539390949.1267299652099609375000 HTTP/1.1" 200 -
::1 - - [13/Oct/2018:08:36:01 +0800] "GET /commerce/ HTTP/1.1" 200 33517
::1 - - [13/Oct/2018:08:36:04 +0800] "GET /commerce/index.php/category/uncategorized/ HTTP/1.1" 200 34344
::1 - - [13/Oct/2018:08:36:23 +0800] "GET /commerce/wp-admin/term.php?taxonomy=category&tag_ID=1&post_type=post HTTP/1.1" 200 40512
::1 - - [13/Oct/2018:08:36:34 +0800] "POST /commerce/wp-cron.php?doing_wp_cron=1539390984.7075560092926025390625 HTTP/1.1" 200 -
::1 - - [13/Oct/2018:08:36:34 +0800] "GET /commerce/wp-admin/edit-tags.php?taxonomy=category HTTP/1.1" 200 63556
::1 - - [13/Oct/2018:08:36:54 +0800] "POST /commerce/wp-admin/admin-ajax.php HTTP/1.1" 200 47
