2018-09-19 08:01:44 1352 [Note] Plugin 'FEDERATED' is disabled.
2018-09-19 08:01:44 1352 [Note] InnoDB: The InnoDB memory heap is disabled
2018-09-19 08:01:44 1352 [Note] InnoDB: Mutexes and rw_locks use Windows interlocked functions
2018-09-19 08:01:44 1352 [Note] InnoDB: Compressed tables use zlib 1.2.3
2018-09-19 08:01:44 1352 [Note] InnoDB: Not using CPU crc32 instructions
2018-09-19 08:01:44 1352 [Note] InnoDB: Initializing buffer pool, size = 128.0M
2018-09-19 08:01:44 1352 [Note] InnoDB: Completed initialization of buffer pool
2018-09-19 08:01:44 1352 [Note] InnoDB: Setting log file C:\Users\ite15-14\Desktop\USBWebserver v8.6\mysql\data\ib_logfile101 size to 5 MB
2018-09-19 08:01:44 1352 [Note] InnoDB: Setting log file C:\Users\ite15-14\Desktop\USBWebserver v8.6\mysql\data\ib_logfile1 size to 5 MB
2018-09-19 08:01:44 1352 [Note] InnoDB: Renaming log file C:\Users\ite15-14\Desktop\USBWebserver v8.6\mysql\data\ib_logfile101 to C:\Users\ite15-14\Desktop\USBWebserver v8.6\mysql\data\ib_logfile0
2018-09-19 08:01:44 1352 [Warning] InnoDB: New log files created, LSN=1626134
2018-09-19 08:01:44 1352 [Note] InnoDB: Highest supported file format is Barracuda.
2018-09-19 08:01:45 1352 [Note] InnoDB: 128 rollback segment(s) are active.
2018-09-19 08:01:45 1352 [Note] InnoDB: Waiting for purge to start
2018-09-19 08:01:45 1352 [Note] InnoDB: 5.6.13 started; log sequence number 1626636
2018-09-19 08:01:45 1352 [Warning] No existing UUID has been found, so we assume that this is the first time that this server has been started. Generating a new UUID: 323ade90-bb9f-11e8-a4f9-98eecb160fb0.
2018-09-19 08:01:45 1352 [Note] Server hostname (bind-address): '*'; port: 3307
2018-09-19 08:01:45 1352 [Note] IPv6 is available.
2018-09-19 08:01:45 1352 [Note]   - '::' resolves to '::';
2018-09-19 08:01:45 1352 [Note] Server socket created on IP: '::'.
2018-09-19 08:03:09 3728 [Note] Plugin 'FEDERATED' is disabled.
2018-09-19 08:03:09 3728 [Note] InnoDB: The InnoDB memory heap is disabled
2018-09-19 08:03:09 3728 [Note] InnoDB: Mutexes and rw_locks use Windows interlocked functions
2018-09-19 08:03:09 3728 [Note] InnoDB: Compressed tables use zlib 1.2.3
2018-09-19 08:03:09 3728 [Note] InnoDB: Not using CPU crc32 instructions
2018-09-19 08:03:09 3728 [Note] InnoDB: Initializing buffer pool, size = 128.0M
2018-09-19 08:03:09 3728 [Note] InnoDB: Completed initialization of buffer pool
2018-09-19 08:03:09 3728 [Note] InnoDB: Highest supported file format is Barracuda.
2018-09-19 08:03:09 3728 [Note] InnoDB: The log sequence numbers 1626134 and 1626134 in ibdata files do not match the log sequence number 1626646 in the ib_logfiles!
2018-09-19 08:03:09 3728 [Note] InnoDB: Database was not shutdown normally!
2018-09-19 08:03:09 3728 [Note] InnoDB: Starting crash recovery.
2018-09-19 08:03:09 3728 [Note] InnoDB: Reading tablespace information from the .ibd files...
2018-09-19 08:03:09 3728 [Note] InnoDB: Restoring possible half-written data pages 
2018-09-19 08:03:09 3728 [Note] InnoDB: from the doublewrite buffer...
2018-09-19 08:03:10 3728 [Note] InnoDB: 128 rollback segment(s) are active.
2018-09-19 08:03:10 3728 [Note] InnoDB: Waiting for purge to start
2018-09-19 08:03:10 3728 [Note] InnoDB: 5.6.13 started; log sequence number 1626646
2018-09-19 08:03:10 3728 [Note] Server hostname (bind-address): '*'; port: 3307
2018-09-19 08:03:10 3728 [Note] IPv6 is available.
2018-09-19 08:03:10 3728 [Note]   - '::' resolves to '::';
2018-09-19 08:03:10 3728 [Note] Server socket created on IP: '::'.
2018-09-19 09:12:05 4712 [Note] Plugin 'FEDERATED' is disabled.
2018-09-19 09:12:05 4712 [Note] InnoDB: The InnoDB memory heap is disabled
2018-09-19 09:12:05 4712 [Note] InnoDB: Mutexes and rw_locks use Windows interlocked functions
2018-09-19 09:12:05 4712 [Note] InnoDB: Compressed tables use zlib 1.2.3
2018-09-19 09:12:05 4712 [Note] InnoDB: Not using CPU crc32 instructions
2018-09-19 09:12:05 4712 [Note] InnoDB: Initializing buffer pool, size = 128.0M
2018-09-19 09:12:05 4712 [Note] InnoDB: Completed initialization of buffer pool
2018-09-19 09:12:05 4712 [Note] InnoDB: Highest supported file format is Barracuda.
2018-09-19 09:12:05 4712 [Note] InnoDB: The log sequence numbers 1626134 and 1626134 in ibdata files do not match the log sequence number 3069485 in the ib_logfiles!
2018-09-19 09:12:05 4712 [Note] InnoDB: Database was not shutdown normally!
2018-09-19 09:12:05 4712 [Note] InnoDB: Starting crash recovery.
2018-09-19 09:12:05 4712 [Note] InnoDB: Reading tablespace information from the .ibd files...
2018-09-19 09:12:06 4712 [Note] InnoDB: Restoring possible half-written data pages 
2018-09-19 09:12:06 4712 [Note] InnoDB: from the doublewrite buffer...
2018-09-19 09:12:07 4712 [Note] InnoDB: 128 rollback segment(s) are active.
2018-09-19 09:12:07 4712 [Note] InnoDB: Waiting for purge to start
2018-09-19 09:12:07 4712 [Note] InnoDB: 5.6.13 started; log sequence number 3069485
2018-09-19 09:12:07 4712 [Note] Server hostname (bind-address): '*'; port: 3307
2018-09-19 09:12:07 4712 [Note] IPv6 is available.
2018-09-19 09:12:07 4712 [Note]   - '::' resolves to '::';
2018-09-19 09:12:07 4712 [Note] Server socket created on IP: '::'.
2018-09-22 07:39:30 6748 [Note] Plugin 'FEDERATED' is disabled.
2018-09-22 07:39:30 6748 [Note] InnoDB: The InnoDB memory heap is disabled
2018-09-22 07:39:30 6748 [Note] InnoDB: Mutexes and rw_locks use Windows interlocked functions
2018-09-22 07:39:30 6748 [Note] InnoDB: Compressed tables use zlib 1.2.3
2018-09-22 07:39:30 6748 [Note] InnoDB: Not using CPU crc32 instructions
2018-09-22 07:39:30 6748 [Note] InnoDB: Initializing buffer pool, size = 128.0M
2018-09-22 07:39:30 6748 [Note] InnoDB: Completed initialization of buffer pool
2018-09-22 07:39:30 6748 [Note] InnoDB: Highest supported file format is Barracuda.
2018-09-22 07:39:30 6748 [Note] InnoDB: The log sequence numbers 1626134 and 1626134 in ibdata files do not match the log sequence number 3152647 in the ib_logfiles!
2018-09-22 07:39:30 6748 [Note] InnoDB: Database was not shutdown normally!
2018-09-22 07:39:30 6748 [Note] InnoDB: Starting crash recovery.
2018-09-22 07:39:30 6748 [Note] InnoDB: Reading tablespace information from the .ibd files...
2018-09-22 07:39:31 6748 [Note] InnoDB: Restoring possible half-written data pages 
2018-09-22 07:39:31 6748 [Note] InnoDB: from the doublewrite buffer...
2018-09-22 07:39:31 6748 [Note] InnoDB: 128 rollback segment(s) are active.
2018-09-22 07:39:31 6748 [Note] InnoDB: Waiting for purge to start
2018-09-22 07:39:31 6748 [Note] InnoDB: 5.6.13 started; log sequence number 3152647
2018-09-22 07:39:31 6748 [Note] Server hostname (bind-address): '*'; port: 3307
2018-09-22 07:39:31 6748 [Note] IPv6 is available.
2018-09-22 07:39:31 6748 [Note]   - '::' resolves to '::';
2018-09-22 07:39:31 6748 [Note] Server socket created on IP: '::'.
2018-09-26 07:35:38 7020 [Note] Plugin 'FEDERATED' is disabled.
2018-09-26 07:35:39 7020 [Note] InnoDB: The InnoDB memory heap is disabled
2018-09-26 07:35:39 7020 [Note] InnoDB: Mutexes and rw_locks use Windows interlocked functions
2018-09-26 07:35:39 7020 [Note] InnoDB: Compressed tables use zlib 1.2.3
2018-09-26 07:35:39 7020 [Note] InnoDB: Not using CPU crc32 instructions
2018-09-26 07:35:39 7020 [Note] InnoDB: Initializing buffer pool, size = 128.0M
2018-09-26 07:35:39 7020 [Note] InnoDB: Completed initialization of buffer pool
2018-09-26 07:35:39 7020 [Note] InnoDB: Highest supported file format is Barracuda.
2018-09-26 07:35:39 7020 [Note] InnoDB: The log sequence numbers 1626134 and 1626134 in ibdata files do not match the log sequence number 4090353 in the ib_logfiles!
2018-09-26 07:35:39 7020 [Note] InnoDB: Database was not shutdown normally!
2018-09-26 07:35:39 7020 [Note] InnoDB: Starting crash recovery.
2018-09-26 07:35:39 7020 [Note] InnoDB: Reading tablespace information from the .ibd files...
2018-09-26 07:35:39 7020 [Note] InnoDB: Restoring possible half-written data pages 
2018-09-26 07:35:39 7020 [Note] InnoDB: from the doublewrite buffer...
2018-09-26 07:35:40 7020 [Note] InnoDB: 128 rollback segment(s) are active.
2018-09-26 07:35:40 7020 [Note] InnoDB: Waiting for purge to start
2018-09-26 07:35:40 7020 [Note] InnoDB: 5.6.13 started; log sequence number 4090353
2018-09-26 07:35:40 7020 [Note] Server hostname (bind-address): '*'; port: 3307
2018-09-26 07:35:40 7020 [Note] IPv6 is available.
2018-09-26 07:35:40 7020 [Note]   - '::' resolves to '::';
2018-09-26 07:35:40 7020 [Note] Server socket created on IP: '::'.
2018-09-29 07:34:10 10228 [Note] Plugin 'FEDERATED' is disabled.
2018-09-29 07:34:10 10228 [Note] InnoDB: The InnoDB memory heap is disabled
2018-09-29 07:34:10 10228 [Note] InnoDB: Mutexes and rw_locks use Windows interlocked functions
2018-09-29 07:34:10 10228 [Note] InnoDB: Compressed tables use zlib 1.2.3
2018-09-29 07:34:10 10228 [Note] InnoDB: Not using CPU crc32 instructions
2018-09-29 07:34:10 10228 [Note] InnoDB: Initializing buffer pool, size = 128.0M
2018-09-29 07:34:10 10228 [Note] InnoDB: Completed initialization of buffer pool
2018-09-29 07:34:11 10228 [Note] InnoDB: Highest supported file format is Barracuda.
2018-09-29 07:34:11 10228 [Note] InnoDB: The log sequence numbers 1626134 and 1626134 in ibdata files do not match the log sequence number 5074030 in the ib_logfiles!
2018-09-29 07:34:11 10228 [Note] InnoDB: Database was not shutdown normally!
2018-09-29 07:34:11 10228 [Note] InnoDB: Starting crash recovery.
2018-09-29 07:34:11 10228 [Note] InnoDB: Reading tablespace information from the .ibd files...
2018-09-29 07:34:12 10228 [Note] InnoDB: Restoring possible half-written data pages 
2018-09-29 07:34:12 10228 [Note] InnoDB: from the doublewrite buffer...
2018-09-29 07:34:14 10228 [Note] InnoDB: 128 rollback segment(s) are active.
2018-09-29 07:34:14 10228 [Note] InnoDB: Waiting for purge to start
2018-09-29 07:34:14 10228 [Note] InnoDB: 5.6.13 started; log sequence number 5074030
2018-09-29 07:34:14 10228 [Note] Server hostname (bind-address): '*'; port: 3307
2018-09-29 07:34:14 10228 [Note] IPv6 is available.
2018-09-29 07:34:14 10228 [Note]   - '::' resolves to '::';
2018-09-29 07:34:14 10228 [Note] Server socket created on IP: '::'.
2018-10-06 07:56:40 5736 [Note] Plugin 'FEDERATED' is disabled.
2018-10-06 07:56:40 5736 [Note] InnoDB: The InnoDB memory heap is disabled
2018-10-06 07:56:40 5736 [Note] InnoDB: Mutexes and rw_locks use Windows interlocked functions
2018-10-06 07:56:40 5736 [Note] InnoDB: Compressed tables use zlib 1.2.3
2018-10-06 07:56:40 5736 [Note] InnoDB: Not using CPU crc32 instructions
2018-10-06 07:56:40 5736 [Note] InnoDB: Initializing buffer pool, size = 128.0M
2018-10-06 07:56:40 5736 [Note] InnoDB: Completed initialization of buffer pool
2018-10-06 07:56:41 5736 [Note] InnoDB: Highest supported file format is Barracuda.
2018-10-06 07:56:41 5736 [Note] InnoDB: The log sequence numbers 1626134 and 1626134 in ibdata files do not match the log sequence number 5622340 in the ib_logfiles!
2018-10-06 07:56:41 5736 [Note] InnoDB: Database was not shutdown normally!
2018-10-06 07:56:41 5736 [Note] InnoDB: Starting crash recovery.
2018-10-06 07:56:41 5736 [Note] InnoDB: Reading tablespace information from the .ibd files...
2018-10-06 07:56:41 5736 [Note] InnoDB: Restoring possible half-written data pages 
2018-10-06 07:56:41 5736 [Note] InnoDB: from the doublewrite buffer...
2018-10-06 07:56:41 5736 [Note] InnoDB: 128 rollback segment(s) are active.
2018-10-06 07:56:41 5736 [Note] InnoDB: Waiting for purge to start
2018-10-06 07:56:42 5736 [Note] InnoDB: 5.6.13 started; log sequence number 5622340
2018-10-06 07:56:42 5736 [Note] Server hostname (bind-address): '*'; port: 3307
2018-10-06 07:56:42 5736 [Note] IPv6 is available.
2018-10-06 07:56:42 5736 [Note]   - '::' resolves to '::';
2018-10-06 07:56:42 5736 [Note] Server socket created on IP: '::'.
2018-10-10 07:32:23 984 [Note] Plugin 'FEDERATED' is disabled.
2018-10-10 07:32:23 984 [Note] InnoDB: The InnoDB memory heap is disabled
2018-10-10 07:32:23 984 [Note] InnoDB: Mutexes and rw_locks use Windows interlocked functions
2018-10-10 07:32:23 984 [Note] InnoDB: Compressed tables use zlib 1.2.3
2018-10-10 07:32:23 984 [Note] InnoDB: Not using CPU crc32 instructions
2018-10-10 07:32:23 984 [Note] InnoDB: Initializing buffer pool, size = 128.0M
2018-10-10 07:32:24 984 [Note] InnoDB: Completed initialization of buffer pool
2018-10-10 07:32:24 984 [Note] InnoDB: Highest supported file format is Barracuda.
2018-10-10 07:32:24 984 [Note] InnoDB: The log sequence numbers 1626134 and 1626134 in ibdata files do not match the log sequence number 6104926 in the ib_logfiles!
2018-10-10 07:32:24 984 [Note] InnoDB: Database was not shutdown normally!
2018-10-10 07:32:24 984 [Note] InnoDB: Starting crash recovery.
2018-10-10 07:32:24 984 [Note] InnoDB: Reading tablespace information from the .ibd files...
2018-10-10 07:32:25 984 [Note] InnoDB: Restoring possible half-written data pages 
2018-10-10 07:32:25 984 [Note] InnoDB: from the doublewrite buffer...
2018-10-10 07:32:25 984 [Note] InnoDB: 128 rollback segment(s) are active.
2018-10-10 07:32:25 984 [Note] InnoDB: Waiting for purge to start
2018-10-10 07:32:25 984 [Note] InnoDB: 5.6.13 started; log sequence number 6104926
2018-10-10 07:32:25 984 [Note] Server hostname (bind-address): '*'; port: 3307
2018-10-10 07:32:25 984 [Note] IPv6 is available.
2018-10-10 07:32:25 984 [Note]   - '::' resolves to '::';
2018-10-10 07:32:25 984 [Note] Server socket created on IP: '::'.
2018-10-10 07:51:41 6456 [Note] Plugin 'FEDERATED' is disabled.
2018-10-10 07:51:42 6456 [Note] InnoDB: The InnoDB memory heap is disabled
2018-10-10 07:51:42 6456 [Note] InnoDB: Mutexes and rw_locks use Windows interlocked functions
2018-10-10 07:51:42 6456 [Note] InnoDB: Compressed tables use zlib 1.2.3
2018-10-10 07:51:42 6456 [Note] InnoDB: Not using CPU crc32 instructions
2018-10-10 07:51:42 6456 [Note] InnoDB: Initializing buffer pool, size = 128.0M
2018-10-10 07:51:42 6456 [Note] InnoDB: Completed initialization of buffer pool
2018-10-10 07:51:42 6456 [Note] InnoDB: Highest supported file format is Barracuda.
2018-10-10 07:51:42 6456 [Note] InnoDB: The log sequence numbers 1626134 and 1626134 in ibdata files do not match the log sequence number 6216249 in the ib_logfiles!
2018-10-10 07:51:42 6456 [Note] InnoDB: Database was not shutdown normally!
2018-10-10 07:51:42 6456 [Note] InnoDB: Starting crash recovery.
2018-10-10 07:51:42 6456 [Note] InnoDB: Reading tablespace information from the .ibd files...
2018-10-10 07:51:42 6456 [Note] InnoDB: Restoring possible half-written data pages 
2018-10-10 07:51:42 6456 [Note] InnoDB: from the doublewrite buffer...
2018-10-10 07:51:43 6456 [Note] InnoDB: 128 rollback segment(s) are active.
2018-10-10 07:51:43 6456 [Note] InnoDB: Waiting for purge to start
2018-10-10 07:51:43 6456 [Note] InnoDB: 5.6.13 started; log sequence number 6216249
2018-10-10 07:51:43 6456 [Note] Server hostname (bind-address): '*'; port: 3307
2018-10-10 07:51:43 6456 [Note] IPv6 is available.
2018-10-10 07:51:43 6456 [Note]   - '::' resolves to '::';
2018-10-10 07:51:43 6456 [Note] Server socket created on IP: '::'.
2018-10-10 08:00:48 2788 [Note] Plugin 'FEDERATED' is disabled.
2018-10-10 08:00:48 2788 [Note] InnoDB: The InnoDB memory heap is disabled
2018-10-10 08:00:48 2788 [Note] InnoDB: Mutexes and rw_locks use Windows interlocked functions
2018-10-10 08:00:48 2788 [Note] InnoDB: Compressed tables use zlib 1.2.3
2018-10-10 08:00:48 2788 [Note] InnoDB: Not using CPU crc32 instructions
2018-10-10 08:00:48 2788 [Note] InnoDB: Initializing buffer pool, size = 128.0M
2018-10-10 08:00:48 2788 [Note] InnoDB: Completed initialization of buffer pool
2018-10-10 08:00:48 2788 [ERROR] InnoDB: C:\Users\ite15-14\Desktop\USBWebserver v8.6\mysql\data\ibdata1 can't be opened in read-write mode
2018-10-10 08:00:48 2788 [ERROR] InnoDB: The system tablespace must be writable!
2018-10-10 08:00:48 2788 [ERROR] Plugin 'InnoDB' init function returned error.
2018-10-10 08:00:48 2788 [ERROR] Plugin 'InnoDB' registration as a STORAGE ENGINE failed.
2018-10-10 08:00:48 2788 [ERROR] Unknown/unsupported storage engine: InnoDB
2018-10-10 08:00:48 2788 [ERROR] Aborting

2018-10-10 08:00:48 2788 [Note] Binlog end
2018-10-10 08:00:48 2788 [Note] Shutting down plugin 'partition'
2018-10-10 08:00:48 2788 [Note] Shutting down plugin 'PERFORMANCE_SCHEMA'
2018-10-10 08:00:48 2788 [Note] Shutting down plugin 'INNODB_SYS_DATAFILES'
2018-10-10 08:00:48 2788 [Note] Shutting down plugin 'INNODB_SYS_TABLESPACES'
2018-10-10 08:00:48 2788 [Note] Shutting down plugin 'INNODB_SYS_FOREIGN_COLS'
2018-10-10 08:00:48 2788 [Note] Shutting down plugin 'INNODB_SYS_FOREIGN'
2018-10-10 08:00:48 2788 [Note] Shutting down plugin 'INNODB_SYS_FIELDS'
2018-10-10 08:00:48 2788 [Note] Shutting down plugin 'INNODB_SYS_COLUMNS'
2018-10-10 08:00:48 2788 [Note] Shutting down plugin 'INNODB_SYS_INDEXES'
2018-10-10 08:00:48 2788 [Note] Shutting down plugin 'INNODB_SYS_TABLESTATS'
2018-10-10 08:00:48 2788 [Note] Shutting down plugin 'INNODB_SYS_TABLES'
2018-10-10 08:00:48 2788 [Note] Shutting down plugin 'INNODB_FT_INDEX_TABLE'
2018-10-10 08:00:48 2788 [Note] Shutting down plugin 'INNODB_FT_INDEX_CACHE'
2018-10-10 08:00:48 2788 [Note] Shutting down plugin 'INNODB_FT_CONFIG'
2018-10-10 08:00:48 2788 [Note] Shutting down plugin 'INNODB_FT_BEING_DELETED'
2018-10-10 08:00:48 2788 [Note] Shutting down plugin 'INNODB_FT_DELETED'
2018-10-10 08:00:48 2788 [Note] Shutting down plugin 'INNODB_FT_DEFAULT_STOPWORD'
2018-10-10 08:00:48 2788 [Note] Shutting down plugin 'INNODB_METRICS'
2018-10-10 08:00:48 2788 [Note] Shutting down plugin 'INNODB_BUFFER_POOL_STATS'
2018-10-10 08:00:48 2788 [Note] Shutting down plugin 'INNODB_BUFFER_PAGE_LRU'
2018-10-10 08:00:48 2788 [Note] Shutting down plugin 'INNODB_BUFFER_PAGE'
2018-10-10 08:00:48 2788 [Note] Shutting down plugin 'INNODB_CMP_PER_INDEX_RESET'
2018-10-10 08:00:48 2788 [Note] Shutting down plugin 'INNODB_CMP_PER_INDEX'
2018-10-10 08:00:48 2788 [Note] Shutting down plugin 'INNODB_CMPMEM_RESET'
2018-10-10 08:00:48 2788 [Note] Shutting down plugin 'INNODB_CMPMEM'
2018-10-10 08:00:48 2788 [Note] Shutting down plugin 'INNODB_CMP_RESET'
2018-10-10 08:00:48 2788 [Note] Shutting down plugin 'INNODB_CMP'
2018-10-10 08:00:48 2788 [Note] Shutting down plugin 'INNODB_LOCK_WAITS'
2018-10-10 08:00:48 2788 [Note] Shutting down plugin 'INNODB_LOCKS'
2018-10-10 08:00:48 2788 [Note] Shutting down plugin 'INNODB_TRX'
2018-10-10 08:00:48 2788 [Note] Shutting down plugin 'BLACKHOLE'
2018-10-10 08:00:48 2788 [Note] Shutting down plugin 'ARCHIVE'
2018-10-10 08:00:48 2788 [Note] Shutting down plugin 'MRG_MYISAM'
2018-10-10 08:00:48 2788 [Note] Shutting down plugin 'MyISAM'
2018-10-10 08:00:48 2788 [Note] Shutting down plugin 'MEMORY'
2018-10-10 08:00:48 2788 [Note] Shutting down plugin 'CSV'
2018-10-10 08:00:48 2788 [Note] Shutting down plugin 'sha256_password'
2018-10-10 08:00:48 2788 [Note] Shutting down plugin 'mysql_old_password'
2018-10-10 08:00:48 2788 [Note] Shutting down plugin 'mysql_native_password'
2018-10-10 08:00:48 2788 [Note] Shutting down plugin 'binlog'
2018-10-10 08:00:48 2788 [Note] C:\Users\ite15-14\Desktop\USBWebserver v8.6/mysql/bin/mysqld_usbwv8.exe: Shutdown complete

2018-10-13 07:46:44 5084 [Note] Plugin 'FEDERATED' is disabled.
2018-10-13 07:46:44 5084 [Note] InnoDB: The InnoDB memory heap is disabled
2018-10-13 07:46:44 5084 [Note] InnoDB: Mutexes and rw_locks use Windows interlocked functions
2018-10-13 07:46:44 5084 [Note] InnoDB: Compressed tables use zlib 1.2.3
2018-10-13 07:46:44 5084 [Note] InnoDB: Not using CPU crc32 instructions
2018-10-13 07:46:44 5084 [Note] InnoDB: Initializing buffer pool, size = 128.0M
2018-10-13 07:46:44 5084 [Note] InnoDB: Completed initialization of buffer pool
2018-10-13 07:46:45 5084 [Note] InnoDB: Highest supported file format is Barracuda.
2018-10-13 07:46:45 5084 [Note] InnoDB: The log sequence numbers 1626134 and 1626134 in ibdata files do not match the log sequence number 11027908 in the ib_logfiles!
2018-10-13 07:46:45 5084 [Note] InnoDB: Database was not shutdown normally!
2018-10-13 07:46:45 5084 [Note] InnoDB: Starting crash recovery.
2018-10-13 07:46:45 5084 [Note] InnoDB: Reading tablespace information from the .ibd files...
2018-10-13 07:46:46 5084 [Note] InnoDB: Restoring possible half-written data pages 
2018-10-13 07:46:46 5084 [Note] InnoDB: from the doublewrite buffer...
2018-10-13 07:46:47 5084 [Note] InnoDB: 128 rollback segment(s) are active.
2018-10-13 07:46:47 5084 [Note] InnoDB: Waiting for purge to start
2018-10-13 07:46:47 5084 [Note] InnoDB: 5.6.13 started; log sequence number 11027908
2018-10-13 07:46:47 5084 [Note] Server hostname (bind-address): '*'; port: 3307
2018-10-13 07:46:47 5084 [Note] IPv6 is available.
2018-10-13 07:46:47 5084 [Note]   - '::' resolves to '::';
2018-10-13 07:46:47 5084 [Note] Server socket created on IP: '::'.
